<?xml version="1.0" encoding="UTF-8"?>
<testng-results ignored="0" total="1" passed="1" failed="0" skipped="0">
  <reporter-output>
  </reporter-output>
  <suite started-at="2022-11-29T20:31:25 IST" name="Default suite" finished-at="2022-11-29T20:31:25 IST" duration-ms="35">
    <groups>
    </groups>
    <test started-at="2022-11-29T20:31:25 IST" name="Default test" finished-at="2022-11-29T20:31:25 IST" duration-ms="35">
      <class name="Pipeline.Pipe">
        <test-method signature="test()[pri:0, instance:Pipeline.Pipe@76c3e77a]" started-at="2022-11-29T20:31:25 IST" name="test" finished-at="2022-11-29T20:31:25 IST" duration-ms="8" status="PASS">
          <reporter-output>
          </reporter-output>
        </test-method> <!-- test -->
      </class> <!-- Pipeline.Pipe -->
    </test> <!-- Default test -->
  </suite> <!-- Default suite -->
</testng-results>
